<?xml version="1.0" encoding="UTF-8"?>
<coverage generated="1513939519284" clover="3.2.0">
  <project timestamp="1513939519284" name="All files">
    <metrics statements="12" coveredstatements="12" conditionals="4" coveredconditionals="4" methods="5" coveredmethods="5" elements="21" coveredelements="21" complexity="0" loc="12" ncloc="12" packages="1" files="1" classes="1">
      <file name="index.js" path="/Users/sergiohpreis/Work/curso-react-ninja/examples/m02/applications/github-app/src/utils/pagination/index.js">
        <metrics statements="12" coveredstatements="12" conditionals="4" coveredconditionals="4" methods="5" coveredmethods="5"/>
        <line num="3" count="1" type="stmt"/>
        <line num="4" count="9" type="cond" truecount="2" falsecount="0"/>
        <line num="5" count="3" type="stmt"/>
        <line num="8" count="6" type="stmt"/>
        <line num="11" count="1" type="stmt"/>
        <line num="12" count="6" type="cond" truecount="2" falsecount="0"/>
        <line num="13" count="8" type="stmt"/>
        <line num="16" count="3" type="stmt"/>
        <line num="17" count="3" type="stmt"/>
        <line num="19" count="9" type="stmt"/>
        <line num="23" count="15" type="stmt"/>
        <line num="25" count="3" type="stmt"/>
      </file>
    </metrics>
  </project>
</coverage>
