{"C:\\Users\\sreis\\Projects\\curso-react-ninja\\examples\\m02\\applications\\github-app\\src\\utils\\pagination\\index.js": {"path":"C:\\Users\\sreis\\Projects\\curso-react-ninja\\examples\\m02\\applications\\github-app\\src\\utils\\pagination\\index.js","statementMap":{"0":{"start":{"line":3,"column":19},"end":{"line":5,"column":20}},"1":{"start":{"line":3,"column":44},"end":{"line":5,"column":20}},"2":{"start":{"line":7,"column":17},"end":{"line":7,"column":53}},"3":{"start":{"line":7,"column":28},"end":{"line":7,"column":53}},"4":{"start":{"line":9,"column":19},"end":{"line":76,"column":1}},"5":{"start":{"line":10,"column":2},"end":{"line":12,"column":3}},"6":{"start":{"line":11,"column":4},"end":{"line":11,"column":51}},"7":{"start":{"line":14,"column":2},"end":{"line":16,"column":3}},"8":{"start":{"line":15,"column":4},"end":{"line":15,"column":56}},"9":{"start":{"line":18,"column":2},"end":{"line":20,"column":3}},"10":{"start":{"line":19,"column":4},"end":{"line":19,"column":57}},"11":{"start":{"line":19,"column":51},"end":{"line":19,"column":56}},"12":{"start":{"line":22,"column":23},"end":{"line":22,"column":24}},"13":{"start":{"line":23,"column":14},"end":{"line":27,"column":3}},"14":{"start":{"line":25,"column":54},"end":{"line":25,"column":91}},"15":{"start":{"line":29,"column":2},"end":{"line":29,"column":77}},"16":{"start":{"line":29,"column":47},"end":{"line":29,"column":76}},"17":{"start":{"line":31,"column":18},"end":{"line":31,"column":26}},"18":{"start":{"line":32,"column":19},"end":{"line":32,"column":27}},"19":{"start":{"line":34,"column":2},"end":{"line":40,"column":3}},"20":{"start":{"line":35,"column":4},"end":{"line":39,"column":5}},"21":{"start":{"line":42,"column":24},"end":{"line":42,"column":47}},"22":{"start":{"line":43,"column":17},"end":{"line":43,"column":40}},"23":{"start":{"line":45,"column":2},"end":{"line":51,"column":3}},"24":{"start":{"line":46,"column":4},"end":{"line":50,"column":5}},"25":{"start":{"line":53,"column":2},"end":{"line":53,"column":22}},"26":{"start":{"line":54,"column":2},"end":{"line":54,"column":23}},"27":{"start":{"line":56,"column":2},"end":{"line":62,"column":3}},"28":{"start":{"line":57,"column":4},"end":{"line":61,"column":5}},"29":{"start":{"line":64,"column":2},"end":{"line":64,"column":43}},"30":{"start":{"line":65,"column":2},"end":{"line":65,"column":36}},"31":{"start":{"line":67,"column":2},"end":{"line":73,"column":3}},"32":{"start":{"line":68,"column":4},"end":{"line":72,"column":5}},"33":{"start":{"line":75,"column":2},"end":{"line":75,"column":14}}},"fnMap":{"0":{"name":"(anonymous_0)","decl":{"start":{"line":3,"column":19},"end":{"line":3,"column":20}},"loc":{"start":{"line":3,"column":44},"end":{"line":5,"column":20}},"line":3},"1":{"name":"(anonymous_1)","decl":{"start":{"line":7,"column":17},"end":{"line":7,"column":18}},"loc":{"start":{"line":7,"column":28},"end":{"line":7,"column":53}},"line":7},"2":{"name":"(anonymous_2)","decl":{"start":{"line":9,"column":19},"end":{"line":9,"column":20}},"loc":{"start":{"line":9,"column":59},"end":{"line":76,"column":1}},"line":9},"3":{"name":"(anonymous_3)","decl":{"start":{"line":19,"column":41},"end":{"line":19,"column":42}},"loc":{"start":{"line":19,"column":51},"end":{"line":19,"column":56}},"line":19},"4":{"name":"(anonymous_4)","decl":{"start":{"line":25,"column":44},"end":{"line":25,"column":45}},"loc":{"start":{"line":25,"column":54},"end":{"line":25,"column":91}},"line":25},"5":{"name":"(anonymous_5)","decl":{"start":{"line":29,"column":23},"end":{"line":29,"column":24}},"loc":{"start":{"line":29,"column":47},"end":{"line":29,"column":76}},"line":29}},"branchMap":{"0":{"loc":{"start":{"line":3,"column":44},"end":{"line":5,"column":20}},"type":"cond-expr","locations":[{"start":{"line":3,"column":66},"end":{"line":3,"column":67}},{"start":{"line":4,"column":4},"end":{"line":5,"column":20}}],"line":3},"1":{"loc":{"start":{"line":4,"column":4},"end":{"line":5,"column":20}},"type":"cond-expr","locations":[{"start":{"line":4,"column":27},"end":{"line":4,"column":41}},{"start":{"line":5,"column":6},"end":{"line":5,"column":20}}],"line":4},"2":{"loc":{"start":{"line":9,"column":20},"end":{"line":9,"column":54}},"type":"default-arg","locations":[{"start":{"line":9,"column":52},"end":{"line":9,"column":54}}],"line":9},"3":{"loc":{"start":{"line":9,"column":22},"end":{"line":9,"column":31}},"type":"default-arg","locations":[{"start":{"line":9,"column":30},"end":{"line":9,"column":31}}],"line":9},"4":{"loc":{"start":{"line":9,"column":33},"end":{"line":9,"column":47}},"type":"default-arg","locations":[{"start":{"line":9,"column":46},"end":{"line":9,"column":47}}],"line":9},"5":{"loc":{"start":{"line":10,"column":2},"end":{"line":12,"column":3}},"type":"if","locations":[{"start":{"line":10,"column":2},"end":{"line":12,"column":3}},{"start":{"line":10,"column":2},"end":{"line":12,"column":3}}],"line":10},"6":{"loc":{"start":{"line":14,"column":2},"end":{"line":16,"column":3}},"type":"if","locations":[{"start":{"line":14,"column":2},"end":{"line":16,"column":3}},{"start":{"line":14,"column":2},"end":{"line":16,"column":3}}],"line":14},"7":{"loc":{"start":{"line":18,"column":2},"end":{"line":20,"column":3}},"type":"if","locations":[{"start":{"line":18,"column":2},"end":{"line":20,"column":3}},{"start":{"line":18,"column":2},"end":{"line":20,"column":3}}],"line":18},"8":{"loc":{"start":{"line":34,"column":2},"end":{"line":40,"column":3}},"type":"if","locations":[{"start":{"line":34,"column":2},"end":{"line":40,"column":3}},{"start":{"line":34,"column":2},"end":{"line":40,"column":3}}],"line":34},"9":{"loc":{"start":{"line":45,"column":2},"end":{"line":51,"column":3}},"type":"if","locations":[{"start":{"line":45,"column":2},"end":{"line":51,"column":3}},{"start":{"line":45,"column":2},"end":{"line":51,"column":3}}],"line":45},"10":{"loc":{"start":{"line":56,"column":2},"end":{"line":62,"column":3}},"type":"if","locations":[{"start":{"line":56,"column":2},"end":{"line":62,"column":3}},{"start":{"line":56,"column":2},"end":{"line":62,"column":3}}],"line":56},"11":{"loc":{"start":{"line":67,"column":2},"end":{"line":73,"column":3}},"type":"if","locations":[{"start":{"line":67,"column":2},"end":{"line":73,"column":3}},{"start":{"line":67,"column":2},"end":{"line":73,"column":3}}],"line":67}},"s":{"0":1,"1":45,"2":1,"3":43,"4":1,"5":22,"6":1,"7":21,"8":1,"9":20,"10":5,"11":10,"12":15,"13":15,"14":45,"15":15,"16":75,"17":15,"18":15,"19":15,"20":2,"21":15,"22":15,"23":15,"24":2,"25":15,"26":15,"27":15,"28":6,"29":15,"30":15,"31":15,"32":7,"33":15},"f":{"0":45,"1":43,"2":22,"3":10,"4":45,"5":75},"b":{"0":[9,36],"1":[6,30],"2":[1],"3":[2],"4":[3],"5":[1,21],"6":[1,20],"7":[5,15],"8":[2,13],"9":[2,13],"10":[6,9],"11":[7,8]},"_coverageSchema":"332fd63041d2c1bcb487cc26dd0d5f7d97098a6c","hash":"135d98514adfce2a84df456d003b9bf14599be00"}
}
