TN:
SF:/Users/sergiohpreis/Work/curso-react-ninja/examples/m02/applications/github-app/src/utils/pagination/index.js
FN:3,(anonymous_0)
FN:11,(anonymous_1)
FN:13,(anonymous_2)
FN:19,(anonymous_3)
FN:23,(anonymous_4)
FNF:5
FNH:5
FNDA:9,(anonymous_0)
FNDA:6,(anonymous_1)
FNDA:8,(anonymous_2)
FNDA:9,(anonymous_3)
FNDA:15,(anonymous_4)
DA:3,1
DA:4,9
DA:5,3
DA:8,6
DA:11,1
DA:12,6
DA:13,8
DA:16,3
DA:17,3
DA:19,9
DA:23,15
DA:25,3
LF:12
LH:12
BRDA:4,0,0,3
BRDA:4,0,1,6
BRDA:12,1,0,3
BRDA:12,1,1,3
BRF:4
BRH:4
end_of_record
