<?xml version="1.0" encoding="UTF-8"?>
<coverage generated="1512515432139" clover="3.2.0">
  <project timestamp="1512515432139" name="All files">
    <metrics statements="9" coveredstatements="9" conditionals="6" coveredconditionals="6" methods="2" coveredmethods="2" elements="17" coveredelements="17" complexity="0" loc="9" ncloc="9" packages="1" files="1" classes="1">
      <file name="map.js" path="/Users/sergiohpreis/Work/curso-react-ninja/examples/m02/jest-in-practice/src/map/map.js">
        <metrics statements="9" coveredstatements="9" conditionals="6" coveredconditionals="6" methods="2" coveredmethods="2"/>
        <line num="3" count="2" type="cond" truecount="2" falsecount="0"/>
        <line num="4" count="12" type="cond" truecount="2" falsecount="0"/>
        <line num="5" count="2" type="stmt"/>
        <line num="8" count="10" type="cond" truecount="2" falsecount="0"/>
        <line num="9" count="2" type="stmt"/>
        <line num="12" count="8" type="stmt"/>
        <line num="15" count="8" type="stmt"/>
        <line num="16" count="14" type="stmt"/>
        <line num="19" count="8" type="stmt"/>
      </file>
    </metrics>
  </project>
</coverage>
