{"/Users/sergiohpreis/Projects/curso-react-ninja/examples/m02/jest-in-practice/src/filter/filter-recursive.js": {"path":"/Users/sergiohpreis/Projects/curso-react-ninja/examples/m02/jest-in-practice/src/filter/filter-recursive.js","statementMap":{"0":{"start":{"line":3,"column":15},"end":{"line":13,"column":1}},"1":{"start":{"line":4,"column":4},"end":{"line":12,"column":14}},"2":{"start":{"line":5,"column":32},"end":{"line":5,"column":45}},"3":{"start":{"line":7,"column":8},"end":{"line":11,"column":54}}},"fnMap":{"0":{"name":"(anonymous_0)","decl":{"start":{"line":3,"column":15},"end":{"line":3,"column":16}},"loc":{"start":{"line":3,"column":30},"end":{"line":13,"column":1}},"line":3},"1":{"name":"filterInternal","decl":{"start":{"line":4,"column":21},"end":{"line":4,"column":35}},"loc":{"start":{"line":4,"column":60},"end":{"line":12,"column":5}},"line":4}},"branchMap":{"0":{"loc":{"start":{"line":7,"column":15},"end":{"line":11,"column":54}},"type":"cond-expr","locations":[{"start":{"line":7,"column":44},"end":{"line":7,"column":46}},{"start":{"line":8,"column":12},"end":{"line":11,"column":54}}],"line":7},"1":{"loc":{"start":{"line":8,"column":12},"end":{"line":11,"column":54}},"type":"cond-expr","locations":[{"start":{"line":8,"column":39},"end":{"line":11,"column":13}},{"start":{"line":11,"column":16},"end":{"line":11,"column":54}}],"line":8}},"s":{"0":1,"1":5,"2":24,"3":24},"f":{"0":5,"1":24},"b":{"0":[5,19],"1":[13,6]},"_coverageSchema":"332fd63041d2c1bcb487cc26dd0d5f7d97098a6c","hash":"fe14bb6a14710ab5746ad1d6861cbca5b6d4b5f6"}
}
